<?xml version="1.0" encoding="UTF-8"?>
<!-- Generated by org.testng.reporters.JUnitXMLReporter -->
<testsuite ignored="0" hostname="LAPTOP-R5645O82" failures="0" tests="4" name="Default test" time="0.107" errors="0" timestamp="2025-04-16T18:46:38 EDT">
  <testcase classname="test.TestExecutionOrder" name="finalOption" time="0.017"/>
  <testcase classname="test.TestExecutionOrder" name="getpayment" time="0.002"/>
  <testcase classname="test.TestExecutionOrder" name="openBrowser" time="0.002"/>
  <testcase classname="test.TestExecutionOrder" name="closed" time="0.003"/>
</testsuite> <!-- Default test -->
