<?xml version="1.0" encoding="UTF-8"?>
<!-- Generated by org.testng.reporters.JUnitXMLReporter -->
<testsuite ignored="4" hostname="LAPTOP-R5645O82" failures="0" tests="1" name="Default test" time="5.119" errors="0" timestamp="2025-04-21T13:35:18 EDT">
  <testcase classname="test.RefreshPageCommands" name="five" time="0.847"/>
  <testcase classname="test.RefreshPageCommands" name="two" time="0.0">
    <ignored/>
  </testcase> <!-- two -->
  <testcase classname="test.RefreshPageCommands" name="one" time="0.0">
    <ignored/>
  </testcase> <!-- one -->
  <testcase classname="test.RefreshPageCommands" name="three" time="0.0">
    <ignored/>
  </testcase> <!-- three -->
  <testcase classname="test.RefreshPageCommands" name="four" time="0.0">
    <ignored/>
  </testcase> <!-- four -->
</testsuite> <!-- Default test -->
