<?xml version="1.0" encoding="UTF-8"?>
<!-- Generated by org.testng.reporters.JUnitXMLReporter -->
<testsuite ignored="0" hostname="Sasanga" failures="1" tests="1" name="Test" time="3.07" errors="0" timestamp="2025-04-07T12:52:37 EDT">
  <testcase classname="test.ErrorLoginValidation" name="verifyLoginError" time="2.975">
    <failure type="java.lang.NullPointerException" message="Cannot invoke &amp;quot;com.aventstack.extentreports.ExtentReports.createTest(String)&amp;quot; because &amp;quot;this.extent&amp;quot; is null">
      <![CDATA[java.lang.NullPointerException: Cannot invoke "com.aventstack.extentreports.ExtentReports.createTest(String)" because "this.extent" is null
at util.ExtentReportClass.extentReportTest1(ExtentReportClass.java:27)
at test.ErrorLoginValidation.verifyLoginError(ErrorLoginValidation.java:49)
at java.base/java.util.ArrayList.forEach(ArrayList.java:1511)
... Removed 27 stack frames]]>
    </failure>
  </testcase> <!-- verifyLoginError -->
</testsuite> <!-- Test -->
