<?xml version="1.0" encoding="UTF-8"?>
<testng-results ignored="0" total="8" passed="8" failed="0" skipped="0">
  <reporter-output>
  </reporter-output>
  <suite started-at="2025-05-14T11:48:31 EDT" name="Default suite" finished-at="2025-05-14T11:49:46 EDT" duration-ms="74204">
    <groups>
    </groups>
    <test started-at="2025-05-14T11:48:31 EDT" name="Default test" finished-at="2025-05-14T11:49:46 EDT" duration-ms="74204">
      <class name="test.interviewQuestionCodes">
        <test-method signature="hashSetRemoveDuplicates()[pri:0, instance:test.interviewQuestionCodes@fbd1f6]" started-at="2025-05-14T11:48:31 EDT" name="hashSetRemoveDuplicates" finished-at="2025-05-14T11:48:31 EDT" duration-ms="10" status="PASS">
          <reporter-output>
          </reporter-output>
        </test-method> <!-- hashSetRemoveDuplicates -->
        <test-method signature="largerNumber()[pri:0, instance:test.interviewQuestionCodes@fbd1f6]" started-at="2025-05-14T11:48:31 EDT" name="largerNumber" finished-at="2025-05-14T11:48:44 EDT" duration-ms="12365" status="PASS">
          <reporter-output>
          </reporter-output>
        </test-method> <!-- largerNumber -->
        <test-method signature="oddNumber()[pri:0, instance:test.interviewQuestionCodes@fbd1f6]" started-at="2025-05-14T11:48:44 EDT" name="oddNumber" finished-at="2025-05-14T11:48:55 EDT" duration-ms="11720" status="PASS">
          <reporter-output>
          </reporter-output>
        </test-method> <!-- oddNumber -->
        <test-method signature="printFibonacci1()[pri:0, instance:test.interviewQuestionCodes@fbd1f6]" started-at="2025-05-14T11:48:55 EDT" name="printFibonacci1" finished-at="2025-05-14T11:48:55 EDT" duration-ms="6" status="PASS">
          <reporter-output>
          </reporter-output>
        </test-method> <!-- printFibonacci1 -->
        <test-method signature="printFibonacci2()[pri:0, instance:test.interviewQuestionCodes@fbd1f6]" started-at="2025-05-14T11:48:55 EDT" name="printFibonacci2" finished-at="2025-05-14T11:48:55 EDT" duration-ms="4" status="PASS">
          <reporter-output>
          </reporter-output>
        </test-method> <!-- printFibonacci2 -->
        <test-method signature="productOfNumber()[pri:0, instance:test.interviewQuestionCodes@fbd1f6]" started-at="2025-05-14T11:48:55 EDT" name="productOfNumber" finished-at="2025-05-14T11:48:55 EDT" duration-ms="1" status="PASS">
          <reporter-output>
          </reporter-output>
        </test-method> <!-- productOfNumber -->
        <test-method signature="removeDuplicates()[pri:0, instance:test.interviewQuestionCodes@fbd1f6]" started-at="2025-05-14T11:48:55 EDT" name="removeDuplicates" finished-at="2025-05-14T11:49:46 EDT" duration-ms="50034" status="PASS">
          <reporter-output>
          </reporter-output>
        </test-method> <!-- removeDuplicates -->
        <test-method signature="reverseList()[pri:0, instance:test.interviewQuestionCodes@fbd1f6]" started-at="2025-05-14T11:49:46 EDT" name="reverseList" finished-at="2025-05-14T11:49:46 EDT" duration-ms="3" status="PASS">
          <reporter-output>
          </reporter-output>
        </test-method> <!-- reverseList -->
      </class> <!-- test.interviewQuestionCodes -->
    </test> <!-- Default test -->
  </suite> <!-- Default suite -->
</testng-results>
