<?xml version="1.0" encoding="UTF-8"?>
<testng-results ignored="0" total="4" passed="4" failed="0" skipped="0">
  <reporter-output>
  </reporter-output>
  <suite started-at="2025-04-25T18:19:41 EDT" name="Default suite" finished-at="2025-04-25T18:19:58 EDT" duration-ms="16040">
    <groups>
    </groups>
    <test started-at="2025-04-25T18:19:41 EDT" name="Default test" finished-at="2025-04-25T18:19:58 EDT" duration-ms="16040">
      <class name="test.interviewQuestionCodes">
        <test-method signature="largerNumber()[pri:0, instance:test.interviewQuestionCodes@7eac9008]" started-at="2025-04-25T18:19:42 EDT" name="largerNumber" finished-at="2025-04-25T18:19:49 EDT" duration-ms="7137" status="PASS">
          <reporter-output>
          </reporter-output>
        </test-method> <!-- largerNumber -->
        <test-method signature="oddNumber()[pri:0, instance:test.interviewQuestionCodes@7eac9008]" started-at="2025-04-25T18:19:49 EDT" name="oddNumber" finished-at="2025-04-25T18:19:58 EDT" duration-ms="8844" status="PASS">
          <reporter-output>
          </reporter-output>
        </test-method> <!-- oddNumber -->
        <test-method signature="productOfNumber()[pri:0, instance:test.interviewQuestionCodes@7eac9008]" started-at="2025-04-25T18:19:58 EDT" name="productOfNumber" finished-at="2025-04-25T18:19:58 EDT" duration-ms="2" status="PASS">
          <reporter-output>
          </reporter-output>
        </test-method> <!-- productOfNumber -->
        <test-method signature="reverseList()[pri:0, instance:test.interviewQuestionCodes@7eac9008]" started-at="2025-04-25T18:19:58 EDT" name="reverseList" finished-at="2025-04-25T18:19:58 EDT" duration-ms="2" status="PASS">
          <reporter-output>
          </reporter-output>
        </test-method> <!-- reverseList -->
      </class> <!-- test.interviewQuestionCodes -->
    </test> <!-- Default test -->
  </suite> <!-- Default suite -->
</testng-results>
